mode: set
github.com/packer-community/packer-windows-plugins/communicator/winrm/communicator.go:37.112,46.16 5 1
github.com/packer-community/packer-windows-plugins/communicator/winrm/communicator.go:50.2,51.16 2 1
github.com/packer-community/packer-windows-plugins/communicator/winrm/communicator.go:55.2,61.8 1 1
github.com/packer-community/packer-windows-plugins/communicator/winrm/communicator.go:46.16,48.3 1 0
github.com/packer-community/packer-windows-plugins/communicator/winrm/communicator.go:51.16,53.3 1 0
github.com/packer-community/packer-windows-plugins/communicator/winrm/communicator.go:64.65,69.2 1 0
github.com/packer-community/packer-windows-plugins/communicator/winrm/communicator.go:71.73,74.16 2 0
github.com/packer-community/packer-windows-plugins/communicator/winrm/communicator.go:80.2,87.16 3 0
github.com/packer-community/packer-windows-plugins/communicator/winrm/communicator.go:92.2,94.16 3 0
github.com/packer-community/packer-windows-plugins/communicator/winrm/communicator.go:99.2,102.35 4 0
github.com/packer-community/packer-windows-plugins/communicator/winrm/communicator.go:74.16,76.3 1 0
github.com/packer-community/packer-windows-plugins/communicator/winrm/communicator.go:87.16,89.3 1 0
github.com/packer-community/packer-windows-plugins/communicator/winrm/communicator.go:94.16,96.3 1 0
github.com/packer-community/packer-windows-plugins/communicator/winrm/communicator.go:105.75,108.2 2 0
github.com/packer-community/packer-windows-plugins/communicator/winrm/communicator.go:110.90,113.16 2 0
github.com/packer-community/packer-windows-plugins/communicator/winrm/communicator.go:118.2,119.8 2 0
github.com/packer-community/packer-windows-plugins/communicator/winrm/communicator.go:113.16,117.3 3 0
github.com/packer-community/packer-windows-plugins/communicator/winrm/communicator.go:122.68,126.15 3 1
github.com/packer-community/packer-windows-plugins/communicator/winrm/communicator.go:130.2,132.6 3 1
github.com/packer-community/packer-windows-plugins/communicator/winrm/communicator.go:140.2,140.17 1 1
github.com/packer-community/packer-windows-plugins/communicator/winrm/communicator.go:126.15,128.3 1 1
github.com/packer-community/packer-windows-plugins/communicator/winrm/communicator.go:132.6,134.20 2 1
github.com/packer-community/packer-windows-plugins/communicator/winrm/communicator.go:137.3,137.15 1 1
github.com/packer-community/packer-windows-plugins/communicator/winrm/communicator.go:134.20,135.9 1 1
github.com/packer-community/packer-windows-plugins/communicator/winrm/communicator.go:144.88,148.16 2 0
github.com/packer-community/packer-windows-plugins/communicator/winrm/communicator.go:154.2,160.6 6 0
github.com/packer-community/packer-windows-plugins/communicator/winrm/communicator.go:178.2,195.12 8 0
github.com/packer-community/packer-windows-plugins/communicator/winrm/communicator.go:148.16,151.3 2 0
github.com/packer-community/packer-windows-plugins/communicator/winrm/communicator.go:160.6,164.20 3 0
github.com/packer-community/packer-windows-plugins/communicator/winrm/communicator.go:169.3,173.17 5 0
github.com/packer-community/packer-windows-plugins/communicator/winrm/communicator.go:164.20,167.4 1 0
github.com/packer-community/packer-windows-plugins/communicator/winrm/communicator.go:173.17,174.9 1 0
github.com/packer-community/packer-windows-plugins/communicator/winrm/communicator.go:198.89,204.2 2 0
github.com/packer-community/packer-windows-plugins/communicator/winrm/communicator.go:206.79,211.2 2 0
github.com/packer-community/packer-windows-plugins/communicator/winrm/communicator.go:213.58,215.2 1 0
github.com/packer-community/packer-windows-plugins/communicator/winrm/communicator.go:313.52,315.22 1 1
github.com/packer-community/packer-windows-plugins/communicator/winrm/communicator.go:319.2,324.15 5 1
github.com/packer-community/packer-windows-plugins/communicator/winrm/communicator.go:327.2,327.17 1 1
github.com/packer-community/packer-windows-plugins/communicator/winrm/communicator.go:330.2,330.17 1 1
github.com/packer-community/packer-windows-plugins/communicator/winrm/communicator.go:334.2,334.10 1 1
github.com/packer-community/packer-windows-plugins/communicator/winrm/communicator.go:315.22,317.3 1 1
github.com/packer-community/packer-windows-plugins/communicator/winrm/communicator.go:324.15,326.3 1 1
github.com/packer-community/packer-windows-plugins/communicator/winrm/communicator.go:327.17,329.3 1 1
github.com/packer-community/packer-windows-plugins/communicator/winrm/communicator.go:330.17,332.3 1 1
github.com/packer-community/packer-windows-plugins/communicator/winrm/file_manager.go:25.64,30.16 4 0
github.com/packer-community/packer-windows-plugins/communicator/winrm/file_manager.go:33.2,34.35 2 0
github.com/packer-community/packer-windows-plugins/communicator/winrm/file_manager.go:30.16,32.3 1 0
github.com/packer-community/packer-windows-plugins/communicator/winrm/file_manager.go:37.65,46.16 5 0
github.com/packer-community/packer-windows-plugins/communicator/winrm/file_manager.go:50.2,51.72 2 0
github.com/packer-community/packer-windows-plugins/communicator/winrm/file_manager.go:59.2,83.12 3 0
github.com/packer-community/packer-windows-plugins/communicator/winrm/file_manager.go:46.16,48.3 1 0
github.com/packer-community/packer-windows-plugins/communicator/winrm/file_manager.go:51.72,53.17 2 0
github.com/packer-community/packer-windows-plugins/communicator/winrm/file_manager.go:53.17,55.4 1 0
github.com/packer-community/packer-windows-plugins/communicator/winrm/file_manager.go:86.63,93.2 3 0
github.com/packer-community/packer-windows-plugins/communicator/winrm/file_manager.go:95.92,96.50 1 0
github.com/packer-community/packer-windows-plugins/communicator/winrm/file_manager.go:101.2,101.12 1 0
github.com/packer-community/packer-windows-plugins/communicator/winrm/file_manager.go:96.50,100.3 3 0
github.com/packer-community/packer-windows-plugins/communicator/winrm/file_manager.go:104.52,110.16 3 0
github.com/packer-community/packer-windows-plugins/communicator/winrm/file_manager.go:113.2,115.31 2 0
github.com/packer-community/packer-windows-plugins/communicator/winrm/file_manager.go:119.2,119.12 1 0
github.com/packer-community/packer-windows-plugins/communicator/winrm/file_manager.go:110.16,112.3 1 0
github.com/packer-community/packer-windows-plugins/communicator/winrm/file_manager.go:115.31,117.3 1 0
github.com/packer-community/packer-windows-plugins/communicator/winrm/file_manager.go:122.42,124.2 1 0
github.com/packer-community/packer-windows-plugins/communicator/winrm/file_manager.go:126.50,129.2 1 0
github.com/packer-community/packer-windows-plugins/communicator/winrm/file_manager.go:131.57,138.6 5 0
github.com/packer-community/packer-windows-plugins/communicator/winrm/file_manager.go:147.2,147.15 1 0
github.com/packer-community/packer-windows-plugins/communicator/winrm/file_manager.go:138.6,140.13 2 0
github.com/packer-community/packer-windows-plugins/communicator/winrm/file_manager.go:144.3,144.45 1 0
github.com/packer-community/packer-windows-plugins/communicator/winrm/file_manager.go:140.13,141.9 1 0
